{"code":"42601","file":"scan.l","length":92,"level":"error","line":"1240","message":"Error creating tables: syntax error at end of input","name":"error","position":"284","routine":"scanner_yyerror","service":"","severity":"ERROR","stack":"error: syntax error at end of input\n    at /Users/markpc/Documents/My Projects/React/ice_cream_ecommerce/server/node_modules/pg-pool/index.js:45:11\n    at process.processTicksAndRejections (node:internal/process/task_queues:95:5)\n    at async createProductsTable (/Users/markpc/Documents/My Projects/React/ice_cream_ecommerce/server/src/seed/CreateTables.js:17:3)\n    at async seedAllTables (/Users/markpc/Documents/My Projects/React/ice_cream_ecommerce/server/src/seed/CreateTables.js:43:5)"}
{"code":"42601","file":"scan.l","length":92,"level":"error","line":"1240","message":"Error creating tables: syntax error at end of input","name":"error","position":"284","routine":"scanner_yyerror","service":"","severity":"ERROR","stack":"error: syntax error at end of input\n    at /Users/markpc/Documents/My Projects/React/ice_cream_ecommerce/server/node_modules/pg-pool/index.js:45:11\n    at process.processTicksAndRejections (node:internal/process/task_queues:95:5)\n    at async createProductsTable (/Users/markpc/Documents/My Projects/React/ice_cream_ecommerce/server/src/seed/CreateTables.js:17:3)\n    at async seedAllTables (/Users/markpc/Documents/My Projects/React/ice_cream_ecommerce/server/src/seed/CreateTables.js:43:5)"}
{"code":"42601","file":"scan.l","length":92,"level":"error","line":"1240","message":"Error creating tables: syntax error at end of input","name":"error","position":"283","routine":"scanner_yyerror","service":"","severity":"ERROR","stack":"error: syntax error at end of input\n    at /Users/markpc/Documents/My Projects/React/ice_cream_ecommerce/server/node_modules/pg-pool/index.js:45:11\n    at process.processTicksAndRejections (node:internal/process/task_queues:95:5)\n    at async createProductsTable (/Users/markpc/Documents/My Projects/React/ice_cream_ecommerce/server/src/seed/CreateTables.js:17:3)\n    at async seedAllTables (/Users/markpc/Documents/My Projects/React/ice_cream_ecommerce/server/src/seed/CreateTables.js:43:5)"}
{"level":"info","message":"All tables created successfully","service":""}
{"level":"info","message":"All tables created successfully","service":"yummy ice cream"}
{"level":"info","message":"All tables created successfully","service":"yummy ice cream"}
{"level":"info","message":"All tables created successfully","service":"yummy ice cream"}
{"level":"info","message":"All tables created successfully","service":"yummy ice cream"}
{"level":"info","message":"All tables created successfully","service":"yummy ice cream"}
{"level":"info","message":"Server is running on port 8000","service":"yummy ice cream"}
{"level":"info","message":"Server is running on port 8000","service":"yummy ice cream"}
{"level":"info","message":"Server is running on port 8000","service":"yummy ice cream"}
{"code":"42601","file":"scan.l","length":91,"level":"error","line":"1240","message":"Error altering tables: syntax error at end of input","name":"error","position":"93","routine":"scanner_yyerror","service":"yummy ice cream","severity":"ERROR","stack":"error: syntax error at end of input\n    at /Users/markpc/Documents/My Projects/React/ice_cream_ecommerce/server/node_modules/pg-pool/index.js:45:11\n    at process.processTicksAndRejections (node:internal/process/task_queues:95:5)\n    at async alterUserTable (/Users/markpc/Documents/My Projects/React/ice_cream_ecommerce/server/src/seed/alterTables.js:5:3)\n    at async seedAllTables (/Users/markpc/Documents/My Projects/React/ice_cream_ecommerce/server/src/seed/alterTables.js:12:5)"}
{"level":"info","message":"All tables altered successfully","service":"yummy ice cream"}
{"level":"info","message":"Server is running on port 8000","service":"yummy ice cream"}
{"code":"EAUTH","command":"API","level":"error","message":"Error sending verification email: Missing credentials for \"PLAIN\"","service":"yummy ice cream","stack":"Error: Missing credentials for \"PLAIN\"\n    at SMTPConnection._formatError (/Users/markpc/Documents/My Projects/React/ice_cream_ecommerce/server/node_modules/nodemailer/lib/smtp-connection/index.js:809:19)\n    at SMTPConnection.login (/Users/markpc/Documents/My Projects/React/ice_cream_ecommerce/server/node_modules/nodemailer/lib/smtp-connection/index.js:454:38)\n    at /Users/markpc/Documents/My Projects/React/ice_cream_ecommerce/server/node_modules/nodemailer/lib/smtp-transport/index.js:272:32\n    at SMTPConnection.<anonymous> (/Users/markpc/Documents/My Projects/React/ice_cream_ecommerce/server/node_modules/nodemailer/lib/smtp-connection/index.js:215:17)\n    at Object.onceWrapper (node:events:638:28)\n    at SMTPConnection.emit (node:events:524:28)\n    at SMTPConnection._actionEHLO (/Users/markpc/Documents/My Projects/React/ice_cream_ecommerce/server/node_modules/nodemailer/lib/smtp-connection/index.js:1371:14)\n    at SMTPConnection._processResponse (/Users/markpc/Documents/My Projects/React/ice_cream_ecommerce/server/node_modules/nodemailer/lib/smtp-connection/index.js:993:20)\n    at SMTPConnection._onData (/Users/markpc/Documents/My Projects/React/ice_cream_ecommerce/server/node_modules/nodemailer/lib/smtp-connection/index.js:774:14)\n    at SMTPConnection._onSocketData (/Users/markpc/Documents/My Projects/React/ice_cream_ecommerce/server/node_modules/nodemailer/lib/smtp-connection/index.js:195:44)"}
{"level":"info","message":"Server is running on port 8000","service":"yummy ice cream"}
{"level":"info","message":"Server is running on port 8000","service":"yummy ice cream"}
{"level":"error","message":"Error in signup: duplicate key value violates unique constraint \"users_email_key\"","service":"yummy ice cream"}
{"level":"info","message":"Server is running on port 8000","service":"yummy ice cream"}
{"level":"error","message":"Error in signup: duplicate key value violates unique constraint \"users_email_key\"","service":"yummy ice cream"}
{"level":"info","message":"Server is running on port 8000","service":"yummy ice cream"}
{"level":"info","message":"Server is running on port 8000","service":"yummy ice cream"}
{"level":"info","message":"Server is running on port 8000","service":"yummy ice cream"}
{"level":"error","message":"Error in signup: duplicate key value violates unique constraint \"users_email_key\"","service":"yummy ice cream"}
{"level":"info","message":"Server is running on port 8000","service":"yummy ice cream"}
{"level":"info","message":"Server is running on port 8000","service":"yummy ice cream"}
{"level":"info","message":"Server is running on port 8000","service":"yummy ice cream"}
{"level":"info","message":"Server is running on port 8000","service":"yummy ice cream"}
{"level":"info","message":"Server is running on port 8000","service":"yummy ice cream"}
{"level":"info","message":"Server is running on port 8000","service":"yummy ice cream"}
{"level":"info","message":"Server is running on port 8000","service":"yummy ice cream"}
{"level":"info","message":"Server is running on port 8000","service":"yummy ice cream"}
{"level":"info","message":"Server is running on port 8000","service":"yummy ice cream"}
{"level":"info","message":"Server is running on port 8000","service":"yummy ice cream"}
{"level":"info","message":"Server is running on port 8000","service":"yummy ice cream"}
{"level":"error","message":"Error in signup: accessToken is not defined","service":"yummy ice cream"}
{"level":"info","message":"Server is running on port 8000","service":"yummy ice cream"}
{"level":"info","message":"Server is running on port 8000","service":"yummy ice cream"}
{"level":"info","message":"Server is running on port 8000","service":"yummy ice cream"}
{"level":"info","message":"Server is running on port 8000","service":"yummy ice cream"}
{"level":"info","message":"Server is running on port 8000","service":"yummy ice cream"}
{"level":"info","message":"Server is running on port 8000","service":"yummy ice cream"}
{"level":"info","message":"Server is running on port 8000","service":"yummy ice cream"}
{"level":"error","message":"Error in signup: accessToken is not defined","service":"yummy ice cream"}
{"level":"info","message":"Server is running on port 8000","service":"yummy ice cream"}
{"level":"info","message":"Server is running on port 8000","service":"yummy ice cream"}
{"level":"info","message":"Server is running on port 8000","service":"yummy ice cream"}
{"level":"info","message":"Server is running on port 8000","service":"yummy ice cream"}
{"level":"info","message":"Server is running on port 8000","service":"yummy ice cream"}
{"level":"info","message":"Server is running on port 8000","service":"yummy ice cream"}
{"level":"info","message":"Server is running on port 8000","service":"yummy ice cream"}
{"level":"info","message":"Server is running on port 8000","service":"yummy ice cream"}
{"level":"info","message":"Server is running on port 8000","service":"yummy ice cream"}
{"level":"info","message":"Server is running on port 8000","service":"yummy ice cream"}
{"level":"info","message":"Server is running on port 8000","service":"yummy ice cream"}
{"level":"info","message":"Server is running on port 8000","service":"yummy ice cream"}
{"level":"error","message":"Error in signup: duplicate key value violates unique constraint \"users_email_key\"","service":"yummy ice cream"}
{"level":"info","message":"Server is running on port 8000","service":"yummy ice cream"}
{"level":"info","message":"Server is running on port 8000","service":"yummy ice cream"}
{"level":"info","message":"Server is running on port 8000","service":"yummy ice cream"}
{"level":"error","message":"Error in signup: duplicate key value violates unique constraint \"users_email_key\"","service":"yummy ice cream"}
{"level":"info","message":"Server is running on port 8000","service":"yummy ice cream"}
{"level":"error","message":"Error in signup: generateAccessToken is not a function","service":"yummy ice cream"}
{"level":"info","message":"Server is running on port 8000","service":"yummy ice cream"}
{"level":"info","message":"Server is running on port 8000","service":"yummy ice cream"}
{"level":"info","message":"Server is running on port 8000","service":"yummy ice cream"}
{"level":"info","message":"Server is running on port 8000","service":"yummy ice cream"}
{"level":"info","message":"Server is running on port 8000","service":"yummy ice cream"}
{"level":"error","message":"Error in signup: User already exists with this email or username","service":"yummy ice cream"}
{"level":"info","message":"Server is running on port 8000","service":"yummy ice cream"}
{"level":"info","message":"Server is running on port 8000","service":"yummy ice cream"}
{"level":"info","message":"Server is running on port 8000","service":"yummy ice cream"}
{"level":"info","message":"Server is running on port 8000","service":"yummy ice cream"}
{"level":"info","message":"Server is running on port 8000","service":"yummy ice cream"}
{"level":"info","message":"Server is running on port 8000","service":"yummy ice cream"}
{"level":"error","message":"Error in signup: authService.getUserByEmailOrUsername is not a function","service":"yummy ice cream"}
{"level":"info","message":"Server is running on port 8000","service":"yummy ice cream"}
{"level":"error","message":"Error in signup: null value in column \"username\" of relation \"users\" violates not-null constraint","service":"yummy ice cream"}
{"level":"info","message":"Server is running on port 8000","service":"yummy ice cream"}
{"level":"info","message":"Server is running on port 8000","service":"yummy ice cream"}
{"level":"error","message":"Error in signup: duplicate key value violates unique constraint \"users_email_key\"","service":"yummy ice cream"}
{"level":"info","message":"Server is running on port 8000","service":"yummy ice cream"}
{"level":"error","message":"Error in signup: User already exists with this email or username","service":"yummy ice cream"}
{"level":"info","message":"Server is running on port 8000","service":"yummy ice cream"}
{"level":"info","message":"Server is running on port 8000","service":"yummy ice cream"}
{"level":"info","message":"Server is running on port 8000","service":"yummy ice cream"}
{"level":"error","message":"Error in signup: User already exists with this email or username","service":"yummy ice cream"}
{"level":"info","message":"Server is running on port 8000","service":"yummy ice cream"}
{"level":"info","message":"Server is running on port 8000","service":"yummy ice cream"}
{"level":"info","message":"Server is running on port 8000","service":"yummy ice cream"}
{"level":"info","message":"Server is running on port 8000","service":"yummy ice cream"}
{"level":"info","message":"Server is running on port 8000","service":"yummy ice cream"}
{"level":"info","message":"Server is running on port 8000","service":"yummy ice cream"}
{"level":"info","message":"Server is running on port 8000","service":"yummy ice cream"}
{"level":"warn","message":"Signup failed: User already exists with this email or username","service":"yummy ice cream"}
{"level":"error","message":"Error in signup: generateAccessToken is not a function","service":"yummy ice cream"}
{"level":"warn","message":"Signup failed: User already exists with this email or username","service":"yummy ice cream"}
{"level":"error","message":"Error in signup: generateAccessToken is not a function","service":"yummy ice cream"}
{"level":"warn","message":"Signup failed: User already exists with this email or username","service":"yummy ice cream"}
{"level":"info","message":"Server is running on port 8000","service":"yummy ice cream"}
{"level":"error","message":"Error in signup: generateAccessToken is not a function","service":"yummy ice cream"}
{"level":"error","message":"Error in signup: generateAccessToken is not a function","service":"yummy ice cream"}
{"level":"info","message":"Server is running on port 8000","service":"yummy ice cream"}
{"level":"info","message":"Server is running on port 8000","service":"yummy ice cream"}
{"level":"error","message":"Error in signup: generateAccessToken is not a function","service":"yummy ice cream"}
{"level":"info","message":"Server is running on port 8000","service":"yummy ice cream"}
{"level":"error","message":"Error in signup: generateAccessToken is not a function","service":"yummy ice cream"}
{"level":"info","message":"Server is running on port 8000","service":"yummy ice cream"}
{"level":"error","message":"Error in signup: generateAccessToken is not a function","service":"yummy ice cream"}
{"level":"info","message":"Server is running on port 8000","service":"yummy ice cream"}
{"level":"error","message":"Error in signup: \"expiresIn\" should be a number of seconds or string representing a timespan eg: \"1d\", \"20h\", 60","service":"yummy ice cream"}
{"level":"info","message":"Server is running on port 8000","service":"yummy ice cream"}
{"level":"error","message":"Error in signup: User already exists with this email or username","service":"yummy ice cream"}
{"level":"info","message":"Server is running on port 8000","service":"yummy ice cream"}
{"level":"error","message":"Error in signup: \"expiresIn\" should be a number of seconds or string representing a timespan eg: \"1d\", \"20h\", 60","service":"yummy ice cream"}
{"level":"info","message":"Server is running on port 8000","service":"yummy ice cream"}
{"level":"error","message":"Error in signup: User already exists with this email or username","service":"yummy ice cream"}
{"level":"error","message":"Error in login: User not found","service":"yummy ice cream"}
{"level":"error","message":"Error in login: User not found","service":"yummy ice cream"}
{"level":"info","message":"Server is running on port 8000","service":"yummy ice cream"}
{"level":"error","message":"Error in login: Cannot read properties of undefined (reading 'email')","service":"yummy ice cream"}
{"level":"info","message":"Server is running on port 8000","service":"yummy ice cream"}
{"level":"info","message":"Server is running on port 8000","service":"yummy ice cream"}
{"level":"error","message":"Error in login: Cannot read properties of undefined (reading 'username')","service":"yummy ice cream"}
{"level":"info","message":"Server is running on port 8000","service":"yummy ice cream"}
{"level":"error","message":"Error in login: Invalid password","service":"yummy ice cream"}
{"level":"info","message":"Server is running on port 8000","service":"yummy ice cream"}
{"level":"info","message":"Server is running on port 8000","service":"yummy ice cream"}
{"level":"info","message":"Server is running on port 8000","service":"yummy ice cream"}
{"level":"info","message":"Server is running on port 8000","service":"yummy ice cream"}
{"level":"info","message":"Server is running on port 8000","service":"yummy ice cream"}
{"level":"error","message":"Error in signup: User already exists with this email or username","service":"yummy ice cream"}
{"level":"info","message":"Server is running on port 8000","service":"yummy ice cream"}
{"level":"info","message":"Server is running on port 8000","service":"yummy ice cream"}
{"code":"EAUTH","command":"API","level":"error","message":"Error sending verification email: Missing credentials for \"PLAIN\"","service":"yummy ice cream","stack":"Error: Missing credentials for \"PLAIN\"\n    at SMTPConnection._formatError (/Users/markpc/Documents/My Projects/React/ice_cream_ecommerce/server/node_modules/nodemailer/lib/smtp-connection/index.js:809:19)\n    at SMTPConnection.login (/Users/markpc/Documents/My Projects/React/ice_cream_ecommerce/server/node_modules/nodemailer/lib/smtp-connection/index.js:454:38)\n    at /Users/markpc/Documents/My Projects/React/ice_cream_ecommerce/server/node_modules/nodemailer/lib/smtp-transport/index.js:272:32\n    at SMTPConnection.<anonymous> (/Users/markpc/Documents/My Projects/React/ice_cream_ecommerce/server/node_modules/nodemailer/lib/smtp-connection/index.js:215:17)\n    at Object.onceWrapper (node:events:638:28)\n    at SMTPConnection.emit (node:events:524:28)\n    at SMTPConnection._actionEHLO (/Users/markpc/Documents/My Projects/React/ice_cream_ecommerce/server/node_modules/nodemailer/lib/smtp-connection/index.js:1371:14)\n    at SMTPConnection._processResponse (/Users/markpc/Documents/My Projects/React/ice_cream_ecommerce/server/node_modules/nodemailer/lib/smtp-connection/index.js:993:20)\n    at SMTPConnection._onData (/Users/markpc/Documents/My Projects/React/ice_cream_ecommerce/server/node_modules/nodemailer/lib/smtp-connection/index.js:774:14)\n    at SMTPConnection._onSocketData (/Users/markpc/Documents/My Projects/React/ice_cream_ecommerce/server/node_modules/nodemailer/lib/smtp-connection/index.js:195:44)"}
{"level":"error","message":"Error in signup: Failed to send verification email","service":"yummy ice cream"}
{"level":"info","message":"Server is running on port 8000","service":"yummy ice cream"}
{"level":"info","message":"Server is running on port 8000","service":"yummy ice cream"}
{"level":"info","message":"Server is running on port 8000","service":"yummy ice cream"}
{"level":"info","message":"Server is running on port 8000","service":"yummy ice cream"}
{"level":"info","message":"Server is running on port 8000","service":"yummy ice cream"}
{"level":"info","message":"Server is running on port 8000","service":"yummy ice cream"}
{"level":"info","message":"Server is running on port 8000","service":"yummy ice cream"}
{"level":"info","message":"Server is running on port 8000","service":"yummy ice cream"}
{"level":"info","message":"Server is running on port 8000","service":"yummy ice cream"}
{"level":"info","message":"Server is running on port 8000","service":"yummy ice cream"}
{"level":"info","message":"Server is running on port 8000","service":"yummy ice cream"}
{"level":"info","message":"Server is running on port 8000","service":"yummy ice cream"}
{"level":"info","message":"Server is running on port 8000","service":"yummy ice cream"}
{"level":"info","message":"Server is running on port 8000","service":"yummy ice cream"}
{"level":"info","message":"Server is running on port 8000","service":"yummy ice cream"}
{"level":"info","message":"Server is running on port 8000","service":"yummy ice cream"}
{"level":"info","message":"Server is running on port 8000","service":"yummy ice cream"}
{"level":"info","message":"Server is running on port 8000","service":"yummy ice cream"}
{"level":"info","message":"Server is running on port 8000","service":"yummy ice cream"}
{"level":"info","message":"Server is running on port 8000","service":"yummy ice cream"}
{"level":"info","message":"Server is running on port 8000","service":"yummy ice cream"}
{"level":"info","message":"Server is running on port 8000","service":"yummy ice cream"}
{"level":"info","message":"Server is running on port 8000","service":"yummy ice cream"}
{"level":"info","message":"Server is running on port 8000","service":"yummy ice cream"}
{"level":"info","message":"Server is running on port 8000","service":"yummy ice cream"}
{"level":"error","message":"Error in signup: column \"verified_token\" of relation \"users\" does not exist","service":"yummy ice cream"}
{"level":"info","message":"Server is running on port 8000","service":"yummy ice cream"}
{"level":"info","message":"Server is running on port 8000","service":"yummy ice cream"}
{"level":"info","message":"Server is running on port 8000","service":"yummy ice cream"}
{"level":"info","message":"Server is running on port 8000","service":"yummy ice cream"}
{"level":"info","message":"Server is running on port 8000","service":"yummy ice cream"}
{"level":"info","message":"Server is running on port 8000","service":"yummy ice cream"}
{"level":"info","message":"Server is running on port 8000","service":"yummy ice cream"}
{"level":"info","message":"Server is running on port 8000","service":"yummy ice cream"}
{"level":"info","message":"Server is running on port 8000","service":"yummy ice cream"}
{"level":"info","message":"Server is running on port 8000","service":"yummy ice cream"}
{"level":"info","message":"Server is running on port 8000","service":"yummy ice cream"}
{"level":"info","message":"Server is running on port 8000","service":"yummy ice cream"}
{"level":"error","message":"Error creating product: Product with this name already exists","service":"yummy ice cream","stack":"Error: Product with this name already exists\n    at Object.createProduct (/Users/markpc/Documents/My Projects/React/ice_cream_ecommerce/server/src/services/productService.js:29:11)\n    at process.processTicksAndRejections (node:internal/process/task_queues:95:5)\n    at async createProduct (/Users/markpc/Documents/My Projects/React/ice_cream_ecommerce/server/src/controllers/productController.js:33:24)"}
{"level":"info","message":"Server is running on port 8000","service":"yummy ice cream"}
{"level":"error","message":"Error creating product: Product with this name already exists","service":"yummy ice cream","stack":"Error: Product with this name already exists\n    at Object.createProduct (/Users/markpc/Documents/My Projects/React/ice_cream_ecommerce/server/src/services/productService.js:35:11)\n    at process.processTicksAndRejections (node:internal/process/task_queues:95:5)\n    at async createProduct (/Users/markpc/Documents/My Projects/React/ice_cream_ecommerce/server/src/controllers/productController.js:33:24)"}
{"level":"error","message":"Error creating product: Product with this name already exists","service":"yummy ice cream","stack":"Error: Product with this name already exists\n    at Object.createProduct (/Users/markpc/Documents/My Projects/React/ice_cream_ecommerce/server/src/services/productService.js:35:11)\n    at process.processTicksAndRejections (node:internal/process/task_queues:95:5)\n    at async createProduct (/Users/markpc/Documents/My Projects/React/ice_cream_ecommerce/server/src/controllers/productController.js:33:24)"}
{"level":"info","message":"Server is running on port 8000","service":"yummy ice cream"}
{"level":"info","message":"Server is running on port 8000","service":"yummy ice cream"}
{"level":"info","message":"Server is running on port 8000","service":"yummy ice cream"}
{"level":"info","message":"Server is running on port 8000","service":"yummy ice cream"}
{"code":"23502","column":"stock","detail":"Failing row contains (4af75a5c-e3fd-45c0-8335-1a3c21b641a7, item1, random item, 29.99, , null, 2025-05-27 11:17:38.550005).","file":"execMain.c","length":293,"level":"error","line":"1988","message":"Error creating product: null value in column \"stock\" of relation \"products\" violates not-null constraint","name":"error","routine":"ExecConstraints","schema":"public","service":"yummy ice cream","severity":"ERROR","stack":"error: null value in column \"stock\" of relation \"products\" violates not-null constraint\n    at /Users/markpc/Documents/My Projects/React/ice_cream_ecommerce/server/node_modules/pg-pool/index.js:45:11\n    at process.processTicksAndRejections (node:internal/process/task_queues:95:5)\n    at async Object.createProduct (/Users/markpc/Documents/My Projects/React/ice_cream_ecommerce/server/src/services/productService.js:27:20)\n    at async createProduct (/Users/markpc/Documents/My Projects/React/ice_cream_ecommerce/server/src/controllers/productController.js:33:24)","table":"products"}
{"code":"23502","column":"stock","detail":"Failing row contains (8491a0d0-1503-46f4-9b80-f7f24c014e6d, item1, random item, 29.99, , null, 2025-05-27 11:19:26.986345).","file":"execMain.c","length":293,"level":"error","line":"1988","message":"Error creating product: null value in column \"stock\" of relation \"products\" violates not-null constraint","name":"error","routine":"ExecConstraints","schema":"public","service":"yummy ice cream","severity":"ERROR","stack":"error: null value in column \"stock\" of relation \"products\" violates not-null constraint\n    at /Users/markpc/Documents/My Projects/React/ice_cream_ecommerce/server/node_modules/pg-pool/index.js:45:11\n    at process.processTicksAndRejections (node:internal/process/task_queues:95:5)\n    at async Object.createProduct (/Users/markpc/Documents/My Projects/React/ice_cream_ecommerce/server/src/services/productService.js:27:20)\n    at async createProduct (/Users/markpc/Documents/My Projects/React/ice_cream_ecommerce/server/src/controllers/productController.js:33:24)","table":"products"}
{"code":"23502","column":"stock","detail":"Failing row contains (3ded8b10-21be-4047-91e5-f6580c2bb2e7, item1, random item, 29.99, , null, 2025-05-27 11:19:42.123475).","file":"execMain.c","length":293,"level":"error","line":"1988","message":"Error creating product: null value in column \"stock\" of relation \"products\" violates not-null constraint","name":"error","routine":"ExecConstraints","schema":"public","service":"yummy ice cream","severity":"ERROR","stack":"error: null value in column \"stock\" of relation \"products\" violates not-null constraint\n    at /Users/markpc/Documents/My Projects/React/ice_cream_ecommerce/server/node_modules/pg-pool/index.js:45:11\n    at process.processTicksAndRejections (node:internal/process/task_queues:95:5)\n    at async Object.createProduct (/Users/markpc/Documents/My Projects/React/ice_cream_ecommerce/server/src/services/productService.js:27:20)\n    at async createProduct (/Users/markpc/Documents/My Projects/React/ice_cream_ecommerce/server/src/controllers/productController.js:33:24)","table":"products"}
{"code":"23502","column":"stock","detail":"Failing row contains (74817b3a-a893-4d00-8320-6fe9e9961dd3, item1, random item, 29.99, , null, 2025-05-27 11:21:18.181797).","file":"execMain.c","length":293,"level":"error","line":"1988","message":"Error creating product: null value in column \"stock\" of relation \"products\" violates not-null constraint","name":"error","routine":"ExecConstraints","schema":"public","service":"yummy ice cream","severity":"ERROR","stack":"error: null value in column \"stock\" of relation \"products\" violates not-null constraint\n    at /Users/markpc/Documents/My Projects/React/ice_cream_ecommerce/server/node_modules/pg-pool/index.js:45:11\n    at process.processTicksAndRejections (node:internal/process/task_queues:95:5)\n    at async Object.createProduct (/Users/markpc/Documents/My Projects/React/ice_cream_ecommerce/server/src/services/productService.js:27:20)\n    at async createProduct (/Users/markpc/Documents/My Projects/React/ice_cream_ecommerce/server/src/controllers/productController.js:33:24)","table":"products"}
{"level":"info","message":"Server is running on port 8000","service":"yummy ice cream"}
{"code":"23502","column":"stock","detail":"Failing row contains (dd39d3a5-2571-4e8b-88e4-fa170a2f422f, item1, random item, 29.99, https://example.com/image.jpg, null, 2025-05-27 11:27:27.763812, 2025-05-27 11:27:27.763812).","file":"execMain.c","length":350,"level":"error","line":"1988","message":"Error creating product: null value in column \"stock\" of relation \"products\" violates not-null constraint","name":"error","routine":"ExecConstraints","schema":"public","service":"yummy ice cream","severity":"ERROR","stack":"error: null value in column \"stock\" of relation \"products\" violates not-null constraint\n    at /Users/markpc/Documents/My Projects/React/ice_cream_ecommerce/server/node_modules/pg-pool/index.js:45:11\n    at process.processTicksAndRejections (node:internal/process/task_queues:95:5)\n    at async Object.createProduct (/Users/markpc/Documents/My Projects/React/ice_cream_ecommerce/server/src/services/productService.js:27:20)\n    at async createProduct (/Users/markpc/Documents/My Projects/React/ice_cream_ecommerce/server/src/controllers/productController.js:33:24)","table":"products"}
{"level":"info","message":"Server is running on port 8000","service":"yummy ice cream"}
{"code":"23502","column":"name","detail":"Failing row contains (916892a0-d1f5-4482-aaf2-558909dcc27e, null, null, null, null, null, 2025-05-27 11:29:27.428085, 2025-05-27 11:29:27.428085).","file":"execMain.c","length":314,"level":"error","line":"1988","message":"Error creating product: null value in column \"name\" of relation \"products\" violates not-null constraint","name":"error","routine":"ExecConstraints","schema":"public","service":"yummy ice cream","severity":"ERROR","stack":"error: null value in column \"name\" of relation \"products\" violates not-null constraint\n    at /Users/markpc/Documents/My Projects/React/ice_cream_ecommerce/server/node_modules/pg-pool/index.js:45:11\n    at process.processTicksAndRejections (node:internal/process/task_queues:95:5)\n    at async Object.createProduct (/Users/markpc/Documents/My Projects/React/ice_cream_ecommerce/server/src/services/productService.js:27:20)\n    at async createProduct (/Users/markpc/Documents/My Projects/React/ice_cream_ecommerce/server/src/controllers/productController.js:33:24)","table":"products"}
{"code":"23502","column":"name","detail":"Failing row contains (5f5cbd70-06d9-49dc-a716-ab64761ac8d7, null, null, null, null, null, 2025-05-27 11:29:53.461216, 2025-05-27 11:29:53.461216).","file":"execMain.c","length":314,"level":"error","line":"1988","message":"Error creating product: null value in column \"name\" of relation \"products\" violates not-null constraint","name":"error","routine":"ExecConstraints","schema":"public","service":"yummy ice cream","severity":"ERROR","stack":"error: null value in column \"name\" of relation \"products\" violates not-null constraint\n    at /Users/markpc/Documents/My Projects/React/ice_cream_ecommerce/server/node_modules/pg-pool/index.js:45:11\n    at process.processTicksAndRejections (node:internal/process/task_queues:95:5)\n    at async Object.createProduct (/Users/markpc/Documents/My Projects/React/ice_cream_ecommerce/server/src/services/productService.js:27:20)\n    at async createProduct (/Users/markpc/Documents/My Projects/React/ice_cream_ecommerce/server/src/controllers/productController.js:33:24)","table":"products"}
{"level":"info","message":"Server is running on port 8000","service":"yummy ice cream"}
{"code":"23502","column":"name","detail":"Failing row contains (3e822b4e-cc6a-4fdc-8c20-6943f20b7f71, null, null, null, null, null, 2025-05-27 11:33:25.6509, 2025-05-27 11:33:25.6509).","file":"execMain.c","length":310,"level":"error","line":"1988","message":"Error creating product: null value in column \"name\" of relation \"products\" violates not-null constraint","name":"error","routine":"ExecConstraints","schema":"public","service":"yummy ice cream","severity":"ERROR","stack":"error: null value in column \"name\" of relation \"products\" violates not-null constraint\n    at /Users/markpc/Documents/My Projects/React/ice_cream_ecommerce/server/node_modules/pg-pool/index.js:45:11\n    at process.processTicksAndRejections (node:internal/process/task_queues:95:5)\n    at async Object.createProduct (/Users/markpc/Documents/My Projects/React/ice_cream_ecommerce/server/src/services/productService.js:27:20)\n    at async createProduct (/Users/markpc/Documents/My Projects/React/ice_cream_ecommerce/server/src/controllers/productController.js:33:25)","table":"products"}
{"level":"info","message":"Server is running on port 8000","service":"yummy ice cream"}
{"level":"info","message":"Server is running on port 8000","service":"yummy ice cream"}
{"code":"23502","column":"name","detail":"Failing row contains (b536759f-93c9-4240-9873-395e6d46636e, null, null, null, null, null, 2025-05-27 11:36:03.506707, 2025-05-27 11:36:03.506707).","file":"execMain.c","length":314,"level":"error","line":"1988","message":"Error creating product: null value in column \"name\" of relation \"products\" violates not-null constraint","name":"error","routine":"ExecConstraints","schema":"public","service":"yummy ice cream","severity":"ERROR","stack":"error: null value in column \"name\" of relation \"products\" violates not-null constraint\n    at /Users/markpc/Documents/My Projects/React/ice_cream_ecommerce/server/node_modules/pg-pool/index.js:45:11\n    at process.processTicksAndRejections (node:internal/process/task_queues:95:5)\n    at async Object.createProduct (/Users/markpc/Documents/My Projects/React/ice_cream_ecommerce/server/src/services/productService.js:27:20)\n    at async createProduct (/Users/markpc/Documents/My Projects/React/ice_cream_ecommerce/server/src/controllers/productController.js:33:25)","table":"products"}
{"level":"info","message":"Server is running on port 8000","service":"yummy ice cream"}
{"level":"info","message":"Server is running on port 8000","service":"yummy ice cream"}
{"level":"info","message":"Server is running on port 8000","service":"yummy ice cream"}
{"level":"info","message":"Server is running on port 8000","service":"yummy ice cream"}
{"level":"info","message":"Server is running on port 8000","service":"yummy ice cream"}
{"level":"info","message":"Server is running on port 8000","service":"yummy ice cream"}
{"level":"info","message":"Server is running on port 8000","service":"yummy ice cream"}
{"level":"info","message":"Server is running on port 8000","service":"yummy ice cream"}
{"level":"info","message":"Server is running on port 8000","service":"yummy ice cream"}
{"level":"error","message":"Error creating product: Product with this name \"item1\" already exists","service":"yummy ice cream","stack":"Error: Product with this name \"item1\" already exists\n    at Object.createProduct (/Users/markpc/Documents/My Projects/React/ice_cream_ecommerce/server/src/services/productService.js:33:11)\n    at process.processTicksAndRejections (node:internal/process/task_queues:95:5)\n    at async createProduct (/Users/markpc/Documents/My Projects/React/ice_cream_ecommerce/server/src/controllers/productController.js:33:24)"}
{"level":"error","message":"Error creating product: Product with this name \"Item1\" already exists","service":"yummy ice cream","stack":"Error: Product with this name \"Item1\" already exists\n    at Object.createProduct (/Users/markpc/Documents/My Projects/React/ice_cream_ecommerce/server/src/services/productService.js:33:11)\n    at process.processTicksAndRejections (node:internal/process/task_queues:95:5)\n    at async createProduct (/Users/markpc/Documents/My Projects/React/ice_cream_ecommerce/server/src/controllers/productController.js:33:24)"}
{"level":"info","message":"Server is running on port 8000","service":"yummy ice cream"}
{"level":"info","message":"Server is running on port 8000","service":"yummy ice cream"}
{"level":"info","message":"Server is running on port 8000","service":"yummy ice cream"}
{"level":"info","message":"Server is running on port 8000","service":"yummy ice cream"}
{"level":"info","message":"Server is running on port 8000","service":"yummy ice cream"}
{"level":"info","message":"Server is running on port 8000","service":"yummy ice cream"}
{"level":"info","message":"Server is running on port 8000","service":"yummy ice cream"}
{"level":"info","message":"Server is running on port 8000","service":"yummy ice cream"}
{"level":"info","message":"Server is running on port 8000","service":"yummy ice cream"}
{"level":"info","message":"Server is running on port 8000","service":"yummy ice cream"}
{"level":"info","message":"Server is running on port 8000","service":"yummy ice cream"}
{"level":"info","message":"Server is running on port 8000","service":"yummy ice cream"}
{"level":"info","message":"Server is running on port 8000","service":"yummy ice cream"}
{"level":"info","message":"Server is running on port 8000","service":"yummy ice cream"}
{"level":"info","message":"Server is running on port 8000","service":"yummy ice cream"}
{"level":"info","message":"Server is running on port 8000","service":"yummy ice cream"}
{"level":"info","message":"Server is running on port 8000","service":"yummy ice cream"}
{"level":"info","message":"Server is running on port 8000","service":"yummy ice cream"}
{"level":"info","message":"Server is running on port 8000","service":"yummy ice cream"}
{"level":"info","message":"Server is running on port 8000","service":"yummy ice cream"}
{"level":"info","message":"Server is running on port 8000","service":"yummy ice cream"}
{"level":"info","message":"Server is running on port 8000","service":"yummy ice cream"}
{"level":"info","message":"Server is running on port 8000","service":"yummy ice cream"}
{"level":"info","message":"Server is running on port 8000","service":"yummy ice cream"}
{"level":"info","message":"Server is running on port 8000","service":"yummy ice cream"}
{"level":"info","message":"Server is running on port 8000","service":"yummy ice cream"}
{"level":"info","message":"Server is running on port 8000","service":"yummy ice cream"}
{"level":"info","message":"Server is running on port 8000","service":"yummy ice cream"}
{"level":"info","message":"Server is running on port 8000","service":"yummy ice cream"}
{"level":"info","message":"Server is running on port 8000","service":"yummy ice cream"}
{"level":"info","message":"Server is running on port 8000","service":"yummy ice cream"}
{"level":"info","message":"Server is running on port 8000","service":"yummy ice cream"}
{"level":"info","message":"Server is running on port 8000","service":"yummy ice cream"}
{"code":"23503","constraint":"cart_items_product_id_fkey","detail":"Key (product_id)=(123e4567-e89b-12d3-a456-426614174000) is not present in table \"products\".","file":"ri_triggers.c","length":309,"level":"error","line":"2610","message":"Error adding item to cart: insert or update on table \"cart_items\" violates foreign key constraint \"cart_items_product_id_fkey\"","name":"error","routine":"ri_ReportViolation","schema":"public","service":"yummy ice cream","severity":"ERROR","stack":"error: insert or update on table \"cart_items\" violates foreign key constraint \"cart_items_product_id_fkey\"\n    at /Users/markpc/Documents/My Projects/React/ice_cream_ecommerce/server/node_modules/pg-pool/index.js:45:11\n    at process.processTicksAndRejections (node:internal/process/task_queues:95:5)\n    at async Object.addItemToCart (/Users/markpc/Documents/My Projects/React/ice_cream_ecommerce/server/src/services/cartService.js:61:30)\n    at async addItemToCart (/Users/markpc/Documents/My Projects/React/ice_cream_ecommerce/server/src/controllers/cartController.js:34:22)","table":"cart_items"}
{"level":"info","message":"Server is running on port 8000","service":"yummy ice cream"}
{"level":"info","message":"Server is running on port 8000","service":"yummy ice cream"}
{"level":"info","message":"Server is running on port 8000","service":"yummy ice cream"}
{"level":"info","message":"Server is running on port 8000","service":"yummy ice cream"}
{"level":"info","message":"Server is running on port 8000","service":"yummy ice cream"}
{"level":"info","message":"Server is running on port 8000","service":"yummy ice cream"}
{"level":"info","message":"Server is running on port 8000","service":"yummy ice cream"}
{"level":"info","message":"Server is running on port 8000","service":"yummy ice cream"}
{"level":"info","message":"Server is running on port 8000","service":"yummy ice cream"}
{"level":"error","message":"Error fetching cart items: rows is not defined","service":"yummy ice cream","stack":"ReferenceError: rows is not defined\n    at Object.getUserCart (/Users/markpc/Documents/My Projects/React/ice_cream_ecommerce/server/src/services/cartService.js:9:3)\n    at process.processTicksAndRejections (node:internal/process/task_queues:95:5)\n    at async getCartItems (/Users/markpc/Documents/My Projects/React/ice_cream_ecommerce/server/src/controllers/cartController.js:9:18)"}
{"level":"info","message":"Server is running on port 8000","service":"yummy ice cream"}
{"level":"error","message":"Error fetching cart items: rows is not defined","service":"yummy ice cream","stack":"ReferenceError: rows is not defined\n    at Object.getUserCart (/Users/markpc/Documents/My Projects/React/ice_cream_ecommerce/server/src/services/cartService.js:13:18)\n    at process.processTicksAndRejections (node:internal/process/task_queues:95:5)\n    at async getCartItems (/Users/markpc/Documents/My Projects/React/ice_cream_ecommerce/server/src/controllers/cartController.js:9:18)"}
{"level":"info","message":"Server is running on port 8000","service":"yummy ice cream"}
{"level":"error","message":"Error fetching cart items: rows is not defined","service":"yummy ice cream","stack":"ReferenceError: rows is not defined\n    at Object.getUserCart (/Users/markpc/Documents/My Projects/React/ice_cream_ecommerce/server/src/services/cartService.js:13:18)\n    at process.processTicksAndRejections (node:internal/process/task_queues:95:5)\n    at async getCartItems (/Users/markpc/Documents/My Projects/React/ice_cream_ecommerce/server/src/controllers/cartController.js:9:18)"}
{"level":"info","message":"Server is running on port 8000","service":"yummy ice cream"}
{"level":"info","message":"Server is running on port 8000","service":"yummy ice cream"}
{"level":"info","message":"Server is running on port 8000","service":"yummy ice cream"}
{"level":"info","message":"Server is running on port 8000","service":"yummy ice cream"}
{"level":"error","message":"Error updating cart item: Item not found in cart","service":"yummy ice cream","stack":"Error: Item not found in cart\n    at Object.updateCartItem (/Users/markpc/Documents/My Projects/React/ice_cream_ecommerce/server/src/services/cartService.js:77:11)\n    at process.processTicksAndRejections (node:internal/process/task_queues:95:5)\n    at async updateCartItem (/Users/markpc/Documents/My Projects/React/ice_cream_ecommerce/server/src/controllers/cartController.js:56:25)"}
{"level":"info","message":"Server is running on port 8000","service":"yummy ice cream"}
{"level":"info","message":"Server is running on port 8000","service":"yummy ice cream"}
{"level":"error","message":"Error removing item from cart: cartService.removeCartItem is not a function","service":"yummy ice cream","stack":"TypeError: cartService.removeCartItem is not a function\n    at removeItemFromCart (/Users/markpc/Documents/My Projects/React/ice_cream_ecommerce/server/src/controllers/cartController.js:73:43)\n    at Layer.handleRequest (/Users/markpc/Documents/My Projects/React/ice_cream_ecommerce/server/node_modules/router/lib/layer.js:152:17)\n    at next (/Users/markpc/Documents/My Projects/React/ice_cream_ecommerce/server/node_modules/router/lib/route.js:157:13)\n    at /Users/markpc/Documents/My Projects/React/ice_cream_ecommerce/server/src/middleware/authMiddleware.js:10:5\n    at /Users/markpc/Documents/My Projects/React/ice_cream_ecommerce/server/node_modules/jsonwebtoken/verify.js:261:12\n    at getSecret (/Users/markpc/Documents/My Projects/React/ice_cream_ecommerce/server/node_modules/jsonwebtoken/verify.js:97:14)\n    at module.exports [as verify] (/Users/markpc/Documents/My Projects/React/ice_cream_ecommerce/server/node_modules/jsonwebtoken/verify.js:101:10)\n    at authenticate (/Users/markpc/Documents/My Projects/React/ice_cream_ecommerce/server/src/middleware/authMiddleware.js:7:7)\n    at Layer.handleRequest (/Users/markpc/Documents/My Projects/React/ice_cream_ecommerce/server/node_modules/router/lib/layer.js:152:17)\n    at next (/Users/markpc/Documents/My Projects/React/ice_cream_ecommerce/server/node_modules/router/lib/route.js:157:13)"}
{"level":"info","message":"Server is running on port 8000","service":"yummy ice cream"}
{"level":"info","message":"Server is running on port 8000","service":"yummy ice cream"}
{"level":"info","message":"Server is running on port 8000","service":"yummy ice cream"}
{"level":"info","message":"Server is running on port 8000","service":"yummy ice cream"}
{"code":"42601","file":"scan.l","length":89,"level":"error","line":"1248","message":"Error removing item from cart: syntax error at or near \"*\"","name":"error","position":"8","routine":"scanner_yyerror","service":"yummy ice cream","severity":"ERROR","stack":"error: syntax error at or near \"*\"\n    at /Users/markpc/Documents/My Projects/React/ice_cream_ecommerce/server/node_modules/pg-pool/index.js:45:11\n    at process.processTicksAndRejections (node:internal/process/task_queues:95:5)\n    at async Object.removeItemFromCart (/Users/markpc/Documents/My Projects/React/ice_cream_ecommerce/server/src/services/cartService.js:84:20)\n    at async removeItemFromCart (/Users/markpc/Documents/My Projects/React/ice_cream_ecommerce/server/src/controllers/cartController.js:73:25)"}
{"level":"error","message":"Error creating product: Product with this name \"item3\" already exists","service":"yummy ice cream","stack":"Error: Product with this name \"item3\" already exists\n    at Object.createProduct (/Users/markpc/Documents/My Projects/React/ice_cream_ecommerce/server/src/services/productService.js:33:11)\n    at process.processTicksAndRejections (node:internal/process/task_queues:95:5)\n    at async createProduct (/Users/markpc/Documents/My Projects/React/ice_cream_ecommerce/server/src/controllers/productController.js:33:24)"}
{"level":"error","message":"Error creating product: Product with this name \"item3\" already exists","service":"yummy ice cream","stack":"Error: Product with this name \"item3\" already exists\n    at Object.createProduct (/Users/markpc/Documents/My Projects/React/ice_cream_ecommerce/server/src/services/productService.js:33:11)\n    at process.processTicksAndRejections (node:internal/process/task_queues:95:5)\n    at async createProduct (/Users/markpc/Documents/My Projects/React/ice_cream_ecommerce/server/src/controllers/productController.js:33:24)"}
{"code":"42601","file":"scan.l","length":89,"level":"error","line":"1248","message":"Error removing item from cart: syntax error at or near \"*\"","name":"error","position":"8","routine":"scanner_yyerror","service":"yummy ice cream","severity":"ERROR","stack":"error: syntax error at or near \"*\"\n    at /Users/markpc/Documents/My Projects/React/ice_cream_ecommerce/server/node_modules/pg-pool/index.js:45:11\n    at process.processTicksAndRejections (node:internal/process/task_queues:95:5)\n    at async Object.removeItemFromCart (/Users/markpc/Documents/My Projects/React/ice_cream_ecommerce/server/src/services/cartService.js:84:20)\n    at async removeItemFromCart (/Users/markpc/Documents/My Projects/React/ice_cream_ecommerce/server/src/controllers/cartController.js:73:25)"}
{"level":"info","message":"Server is running on port 8000","service":"yummy ice cream"}
{"level":"info","message":"Server is running on port 8000","service":"yummy ice cream"}
{"level":"info","message":"Server is running on port 8000","service":"yummy ice cream"}
{"level":"info","message":"Server is running on port 8000","service":"yummy ice cream"}
{"level":"info","message":"Server is running on port 8000","service":"yummy ice cream"}
{"level":"info","message":"Server is running on port 8000","service":"yummy ice cream"}
{"level":"info","message":"Server is running on port 8000","service":"yummy ice cream"}
{"level":"info","message":"Server is running on port 8000","service":"yummy ice cream"}
{"level":"info","message":"Server is running on port 8000","service":"yummy ice cream"}
